#-----------------------------------------------------------
# Vivado v2019.1 (64-bit)
# SW Build 2552052 on Fri May 24 14:49:42 MDT 2019
# IP Build 2548770 on Fri May 24 18:01:18 MDT 2019
# Start of session at: Thu Oct 20 09:36:07 2022
# Process ID: 14148
# Current directory: D:/GitHub/VTC/book_src_sch/Chapter05/HH_3005_22/Fulladder_4bit
# Command line: vivado.exe -gui_launcher_event rodinguilauncherevent9636 D:\GitHub\VTC\book_src_sch\Chapter05\HH_3005_22\Fulladder_4bit\Fulladder_4bit.xpr
# Log file: D:/GitHub/VTC/book_src_sch/Chapter05/HH_3005_22/Fulladder_4bit/vivado.log
# Journal file: D:/GitHub/VTC/book_src_sch/Chapter05/HH_3005_22/Fulladder_4bit\vivado.jou
#-----------------------------------------------------------
start_gui
open_project D:/GitHub/VTC/book_src_sch/Chapter05/HH_3005_22/Fulladder_4bit/Fulladder_4bit.xpr
Scanning sources...
Finished scanning sources
INFO: [IP_Flow 19-234] Refreshing IP repositories
INFO: [IP_Flow 19-1704] No user IP repositories specified
INFO: [IP_Flow 19-2313] Loaded Vivado IP repository 'D:/Xilinx/Vivado/2019.1/data/ip'.
open_project: Time (s): cpu = 00:00:21 ; elapsed = 00:00:12 . Memory (MB): peak = 792.434 ; gain = 178.586
update_compile_order -fileset sources_1
launch_simulation -install_path C:/questasim64_2021.1/win64 -mode post-implementation -type timing
INFO: [Vivado 12-5682] Launching post-implementation timing simulation in 'D:/GitHub/VTC/book_src_sch/Chapter05/HH_3005_22/Fulladder_4bit/Fulladder_4bit.sim/sim_1/impl/timing/questa'
INFO: [USF-Questa-47] Finding simulator installation...
INFO: [USF-Questa-50] Using simulator executables from 'C:/questasim64_2021.1/win64/vsim.exe'
INFO: [SIM-utils-51] Simulation object is 'sim_1'
INFO: [Device 21-403] Loading part xc7a35ticsg324-1L
INFO: [Project 1-479] Netlist was created with Vivado 2019.1
INFO: [Project 1-570] Preparing netlist for logic optimization
INFO: [Timing 38-478] Restoring timing data from binary archive.
INFO: [Timing 38-479] Binary timing data restore complete.
INFO: [Project 1-856] Restoring constraints from binary archive.
INFO: [Project 1-853] Binary constraint restore complete.
Reading XDEF placement.
Reading placer database...
Reading XDEF routing.
Read XDEF File: Time (s): cpu = 00:00:00 ; elapsed = 00:00:00.054 . Memory (MB): peak = 1759.059 ; gain = 0.000
Restored from archive | CPU: 0.000000 secs | Memory: 0.000000 MB |
Finished XDEF File Restore: Time (s): cpu = 00:00:00 ; elapsed = 00:00:00.054 . Memory (MB): peak = 1759.059 ; gain = 0.000
Netlist sorting complete. Time (s): cpu = 00:00:00 ; elapsed = 00:00:00 . Memory (MB): peak = 1759.059 ; gain = 0.000
INFO: [Project 1-111] Unisim Transformation Summary:
No Unisim elements were transformed.

open_run: Time (s): cpu = 00:01:04 ; elapsed = 00:00:57 . Memory (MB): peak = 1884.191 ; gain = 986.117
INFO: [SIM-utils-31] Writing simulation netlist file for design 'impl_1'...
INFO: [SIM-utils-32] write_verilog -mode timesim -nolib -sdf_anno true -force -file "D:/GitHub/VTC/book_src_sch/Chapter05/HH_3005_22/Fulladder_4bit/Fulladder_4bit.sim/sim_1/impl/timing/questa/four_bit_adder_tb_time_impl.v"
INFO: [SIM-utils-34] Writing SDF file...
INFO: [SIM-utils-35] write_sdf -mode timesim -process_corner slow -force -file "D:/GitHub/VTC/book_src_sch/Chapter05/HH_3005_22/Fulladder_4bit/Fulladder_4bit.sim/sim_1/impl/timing/questa/four_bit_adder_tb_time_impl.sdf"
INFO: [SIM-utils-36] Netlist generated:D:/GitHub/VTC/book_src_sch/Chapter05/HH_3005_22/Fulladder_4bit/Fulladder_4bit.sim/sim_1/impl/timing/questa/four_bit_adder_tb_time_impl.v
INFO: [SIM-utils-37] SDF generated:D:/GitHub/VTC/book_src_sch/Chapter05/HH_3005_22/Fulladder_4bit/Fulladder_4bit.sim/sim_1/impl/timing/questa/four_bit_adder_tb_time_impl.sdf
INFO: [USF-Questa-7] Finding pre-compiled libraries...
INFO: [SIM-utils-54] Inspecting design source files for 'four_bit_adder_tb' in fileset 'sim_1'...
INFO: [USF-Questa-2] Questa::Compile design
INFO: [USF-Questa-15] Creating automatic 'do' files...
INFO: [USF-Questa-69] Executing 'COMPILE and ANALYZE' step in 'D:/GitHub/VTC/book_src_sch/Chapter05/HH_3005_22/Fulladder_4bit/Fulladder_4bit.sim/sim_1/impl/timing/questa'
Reading pref.tcl

# 2021.1

# do {four_bit_adder_tb_compile.do}
# ** Warning: (vlib-34) Library already exists at "questa_lib/work".
# Errors: 0, Warnings: 1
# ** Warning: (vlib-34) Library already exists at "questa_lib/msim".
# Errors: 0, Warnings: 1
# ** Warning: (vlib-34) Library already exists at "questa_lib/msim/xil_defaultlib".
# Errors: 0, Warnings: 1
# QuestaSim-64 vmap 2021.1 Lib Mapping Utility 2021.01 Jan 19 2021
# vmap xil_defaultlib questa_lib/msim/xil_defaultlib 
# Modifying modelsim.ini
# ** Warning: (vlog-159) Mode option -64 is not supported in this context and will be ignored.
# QuestaSim-64 vlog 2021.1 Compiler 2021.01 Jan 19 2021
# Start time: 09:45:27 on Oct 20,2022
# vlog -64 -incr -work xil_defaultlib four_bit_adder_tb_time_impl.v ../../../../../../four_bit_adder_tb.v 
# -- Skipping module four_bit_adder
# -- Skipping module glbl
# -- Skipping module four_bit_adder_tb
# 
# Top level modules:
# 	glbl
# 	four_bit_adder_tb
# End time: 09:45:27 on Oct 20,2022, Elapsed time: 0:00:00
# Errors: 0, Warnings: 1
run_program: Time (s): cpu = 00:00:00 ; elapsed = 00:00:11 . Memory (MB): peak = 1893.098 ; gain = 0.000
INFO: [USF-Questa-69] 'compile' step finished in '12' seconds
INFO: [USF-Questa-3] Questa::Elaborate design
INFO: [USF-Questa-69] Executing 'ELABORATE' step in 'D:/GitHub/VTC/book_src_sch/Chapter05/HH_3005_22/Fulladder_4bit/Fulladder_4bit.sim/sim_1/impl/timing/questa'
Reading pref.tcl

# 2021.1

# do {four_bit_adder_tb_elaborate.do}
# QuestaSim-64 vopt 2021.1 Compiler 2021.01 Jan 19 2021
# Start time: 09:45:38 on Oct 20,2022
# vopt "+acc=npr" -L xil_defaultlib -L simprims_ver -L secureip -work xil_defaultlib xil_defaultlib.four_bit_adder_tb xil_defaultlib.glbl -o four_bit_adder_tb_opt 
# 
# Top level modules:
# 	four_bit_adder_tb
# 	glbl
# 
# Analyzing design...
# -- Loading module four_bit_adder_tb
# -- Loading module glbl
# -- Loading module four_bit_adder
# -- Loading module simprims_ver.IBUF
# -- Loading module simprims_ver.OBUF
# -- Loading module simprims_ver.LUT3
# -- Loading UDP simprims_ver.x_lut3_mux8
# -- Loading module simprims_ver.LUT2
# -- Loading UDP simprims_ver.x_lut2_mux4
# -- Loading module simprims_ver.LUT4
# -- Loading module simprims_ver.LUT6
# 
# Waiting for 1 SDF compilation to complete...
# -- Compiling typ SDF from four_bit_adder_tb_time_impl.sdf
# Finished SDF compilation.
# 
# Optimizing 13 design-units (inlining 0/3 module instances, 0/19 cell instances, 3/3 UDP instances):
# -- Optimizing module simprims_ver.LUT6(fast)
# -- Optimizing module simprims_ver.LUT6(fast__1)
# -- Optimizing module simprims_ver.LUT4(fast)
# -- Inlining UDP simprims_ver.x_lut3_mux8
# -- Optimizing module simprims_ver.LUT3(fast__1)
# -- Optimizing module simprims_ver.LUT3(fast)
# -- Optimizing module four_bit_adder(fast)
# -- Optimizing module glbl(fast)
# -- Optimizing module simprims_ver.IBUF(fast)
# -- Inlining UDP simprims_ver.x_lut2_mux4
# -- Optimizing module simprims_ver.LUT2(fast)
# -- Optimizing module four_bit_adder_tb(fast)
# -- Optimizing module simprims_ver.OBUF(fast)
# Optimized design name is four_bit_adder_tb_opt
# End time: 09:45:39 on Oct 20,2022, Elapsed time: 0:00:01
# Errors: 0, Warnings: 0
run_program: Time (s): cpu = 00:00:01 ; elapsed = 00:00:12 . Memory (MB): peak = 1893.098 ; gain = 0.000
INFO: [USF-Questa-69] 'elaborate' step finished in '11' seconds
INFO: [USF-Questa-4] Questa::Simulate design
INFO: [USF-Questa-69] Executing 'SIMULATE' step in 'D:/GitHub/VTC/book_src_sch/Chapter05/HH_3005_22/Fulladder_4bit/Fulladder_4bit.sim/sim_1/impl/timing/questa'
Program launched (PID=14256)
launch_simulation: Time (s): cpu = 00:01:15 ; elapsed = 00:01:24 . Memory (MB): peak = 1893.098 ; gain = 995.023
launch_simulation -install_path C:/questasim64_2021.1/win64 -mode post-implementation -type timing
INFO: [Vivado 12-5682] Launching post-implementation timing simulation in 'D:/GitHub/VTC/book_src_sch/Chapter05/HH_3005_22/Fulladder_4bit/Fulladder_4bit.sim/sim_1/impl/timing/questa'
INFO: [USF-Questa-47] Finding simulator installation...
INFO: [USF-Questa-50] Using simulator executables from 'C:/questasim64_2021.1/win64/vsim.exe'
INFO: [SIM-utils-51] Simulation object is 'sim_1'
INFO: [SIM-utils-31] Writing simulation netlist file for design 'impl_1'...
INFO: [SIM-utils-32] write_verilog -mode timesim -nolib -sdf_anno true -force -file "D:/GitHub/VTC/book_src_sch/Chapter05/HH_3005_22/Fulladder_4bit/Fulladder_4bit.sim/sim_1/impl/timing/questa/four_bit_adder_tb_time_impl.v"
INFO: [SIM-utils-34] Writing SDF file...
INFO: [SIM-utils-35] write_sdf -mode timesim -process_corner slow -force -file "D:/GitHub/VTC/book_src_sch/Chapter05/HH_3005_22/Fulladder_4bit/Fulladder_4bit.sim/sim_1/impl/timing/questa/four_bit_adder_tb_time_impl.sdf"
INFO: [SIM-utils-36] Netlist generated:D:/GitHub/VTC/book_src_sch/Chapter05/HH_3005_22/Fulladder_4bit/Fulladder_4bit.sim/sim_1/impl/timing/questa/four_bit_adder_tb_time_impl.v
INFO: [SIM-utils-37] SDF generated:D:/GitHub/VTC/book_src_sch/Chapter05/HH_3005_22/Fulladder_4bit/Fulladder_4bit.sim/sim_1/impl/timing/questa/four_bit_adder_tb_time_impl.sdf
INFO: [USF-Questa-7] Finding pre-compiled libraries...
CRITICAL WARNING: [USF-Questa-8] Failed to find the pre-compiled simulation library!
INFO: [USF-Questa-9]  Recommendation:- Please follow these instructions to resolve this issue:-
 - set the 'COMPXLIB.QUESTA_COMPILED_LIBRARY_DIR' project property to the directory where Xilinx simulation libraries are compiled for Questa, or
 - set the 'MODELSIM' environment variable to point to the modelsim.ini file, or
 - set the 'WD_MGC' environment variable to point to the directory containing the modelsim.ini file
INFO: [SIM-utils-54] Inspecting design source files for 'four_bit_adder_tb' in fileset 'sim_1'...
INFO: [USF-Questa-2] Questa::Compile design
INFO: [USF-Questa-15] Creating automatic 'do' files...
INFO: [USF-Questa-69] Executing 'COMPILE and ANALYZE' step in 'D:/GitHub/VTC/book_src_sch/Chapter05/HH_3005_22/Fulladder_4bit/Fulladder_4bit.sim/sim_1/impl/timing/questa'
Reading pref.tcl

# 2021.1

# do {four_bit_adder_tb_compile.do}
# QuestaSim-64 vmap 2021.1 Lib Mapping Utility 2021.01 Jan 19 2021
# vmap xil_defaultlib questa_lib/msim/xil_defaultlib 
# Modifying C:/questasim64_2021.1/win64/../modelsim.ini
# ** Warning: (vlog-159) Mode option -64 is not supported in this context and will be ignored.
# QuestaSim-64 vlog 2021.1 Compiler 2021.01 Jan 19 2021
# Start time: 09:48:53 on Oct 20,2022
# vlog -64 -incr -work xil_defaultlib four_bit_adder_tb_time_impl.v ../../../../../../four_bit_adder_tb.v 
# -- Compiling module four_bit_adder
# -- Compiling module glbl
# -- Compiling module four_bit_adder_tb
# 
# Top level modules:
# 	glbl
# 	four_bit_adder_tb
# End time: 09:48:53 on Oct 20,2022, Elapsed time: 0:00:00
# Errors: 0, Warnings: 1
run_program: Time (s): cpu = 00:00:01 ; elapsed = 00:00:12 . Memory (MB): peak = 1894.094 ; gain = 0.000
INFO: [USF-Questa-69] 'compile' step finished in '11' seconds
INFO: [USF-Questa-3] Questa::Elaborate design
INFO: [USF-Questa-69] Executing 'ELABORATE' step in 'D:/GitHub/VTC/book_src_sch/Chapter05/HH_3005_22/Fulladder_4bit/Fulladder_4bit.sim/sim_1/impl/timing/questa'
Reading pref.tcl

# 2021.1

# do {four_bit_adder_tb_elaborate.do}
# QuestaSim-64 vopt 2021.1 Compiler 2021.01 Jan 19 2021
# Start time: 09:49:05 on Oct 20,2022
# vopt "+acc=npr" -L xil_defaultlib -L simprims_ver -L secureip -work xil_defaultlib xil_defaultlib.four_bit_adder_tb xil_defaultlib.glbl -o four_bit_adder_tb_opt 
# 
# Top level modules:
# 	four_bit_adder_tb
# 	glbl
# 
# Analyzing design...
# -- Loading module four_bit_adder_tb
# -- Loading module glbl
# -- Loading module four_bit_adder
# ** Error (suppressible): (vopt-19) Failed to access library 'simprims_ver' at "simprims_ver".
# No such file or directory. (errno = ENOENT)
# ** Error (suppressible): (vopt-19) Failed to access library 'simprims_ver' at "simprims_ver".
# No such file or directory. (errno = ENOENT)
# ** Error (suppressible): (vopt-19) Failed to access library 'simprims_ver' at "simprims_ver".
# No such file or directory. (errno = ENOENT)
# ** Warning: four_bit_adder_tb_time_impl.v(1): (vopt-2669) Unable to find library 'simprims_ver'.
# ** Error (suppressible): (vopt-19) Failed to access library 'secureip' at "secureip".
# No such file or directory. (errno = ENOENT)
# ** Error (suppressible): (vopt-19) Failed to access library 'secureip' at "secureip".
# No such file or directory. (errno = ENOENT)
# ** Error (suppressible): (vopt-19) Failed to access library 'secureip' at "secureip".
# No such file or directory. (errno = ENOENT)
# ** Warning: four_bit_adder_tb_time_impl.v(1): (vopt-2669) Unable to find library 'secureip'.
# ** Error: four_bit_adder_tb_time_impl.v(41): Module 'IBUF' is not defined.
# ** Error (suppressible): (vopt-19) Failed to access library 'simprims_ver' at "simprims_ver".
# No such file or directory. (errno = ENOENT)
# ** Error (suppressible): (vopt-19) Failed to access library 'simprims_ver' at "simprims_ver".
# No such file or directory. (errno = ENOENT)
# ** Error (suppressible): (vopt-19) Failed to access library 'simprims_ver' at "simprims_ver".
# No such file or directory. (errno = ENOENT)
# ** Warning: four_bit_adder_tb_time_impl.v(1): (vopt-2669) Unable to find library 'simprims_ver'.
# ** Error (suppressible): (vopt-19) Failed to access library 'secureip' at "secureip".
# No such file or directory. (errno = ENOENT)
# ** Error (suppressible): (vopt-19) Failed to access library 'secureip' at "secureip".
# No such file or directory. (errno = ENOENT)
# ** Error (suppressible): (vopt-19) Failed to access library 'secureip' at "secureip".
# No such file or directory. (errno = ENOENT)
# ** Warning: four_bit_adder_tb_time_impl.v(1): (vopt-2669) Unable to find library 'secureip'.
# ** Error: four_bit_adder_tb_time_impl.v(44): Module 'IBUF' is not defined.
# ** Error (suppressible): (vopt-19) Failed to access library 'simprims_ver' at "simprims_ver".
# No such file or directory. (errno = ENOENT)
# ** Error (suppressible): (vopt-19) Failed to access library 'simprims_ver' at "simprims_ver".
# No such file or directory. (errno = ENOENT)
# ** Error (suppressible): (vopt-19) Failed to access library 'simprims_ver' at "simprims_ver".
# No such file or directory. (errno = ENOENT)
# ** Warning: four_bit_adder_tb_time_impl.v(1): (vopt-2669) Unable to find library 'simprims_ver'.
# ** Error (suppressible): (vopt-19) Failed to access library 'secureip' at "secureip".
# No such file or directory. (errno = ENOENT)
# ** Error (suppressible): (vopt-19) Failed to access library 'secureip' at "secureip".
# No such file or directory. (errno = ENOENT)
# ** Error (suppressible): (vopt-19) Failed to access library 'secureip' at "secureip".
# No such file or directory. (errno = ENOENT)
# ** Warning: four_bit_adder_tb_time_impl.v(1): (vopt-2669) Unable to find library 'secureip'.
# ** Error: four_bit_adder_tb_time_impl.v(47): Module 'IBUF' is not defined.
# ** Error (suppressible): (vopt-19) Failed to access library 'simprims_ver' at "simprims_ver".
# No such file or directory. (errno = ENOENT)
# ** Error (suppressible): (vopt-19) Failed to access library 'simprims_ver' at "simprims_ver".
# No such file or directory. (errno = ENOENT)
# ** Error (suppressible): (vopt-19) Failed to access library 'simprims_ver' at "simprims_ver".
# No such file or directory. (errno = ENOENT)
# ** Warning: four_bit_adder_tb_time_impl.v(1): (vopt-2669) Unable to find library 'simprims_ver'.
# ** Error (suppressible): (vopt-19) Failed to access library 'secureip' at "secureip".
# No such file or directory. (errno = ENOENT)
# ** Error (suppressible): (vopt-19) Failed to access library 'secureip' at "secureip".
# No such file or directory. (errno = ENOENT)
# ** Error (suppressible): (vopt-19) Failed to access library 'secureip' at "secureip".
# No such file or directory. (errno = ENOENT)
# ** Warning: four_bit_adder_tb_time_impl.v(1): (vopt-2669) Unable to find library 'secureip'.
# ** Error: four_bit_adder_tb_time_impl.v(50): Module 'IBUF' is not defined.
# ** Error (suppressible): (vopt-19) Failed to access library 'simprims_ver' at "simprims_ver".
# No such file or directory. (errno = ENOENT)
# ** Error (suppressible): (vopt-19) Failed to access library 'simprims_ver' at "simprims_ver".
# No such file or directory. (errno = ENOENT)
# ** Error (suppressible): (vopt-19) Failed to access library 'simprims_ver' at "simprims_ver".
# No such file or directory. (errno = ENOENT)
# ** Warning: four_bit_adder_tb_time_impl.v(1): (vopt-2669) Unable to find library 'simprims_ver'.
# ** Error (suppressible): (vopt-19) Failed to access library 'secureip' at "secureip".
# No such file or directory. (errno = ENOENT)
# ** Error (suppressible): (vopt-19) Failed to access library 'secureip' at "secureip".
# No such file or directory. (errno = ENOENT)
# ** Error (suppressible): (vopt-19) Failed to access library 'secureip' at "secureip".
# No such file or directory. (errno = ENOENT)
# ** Warning: four_bit_adder_tb_time_impl.v(1): (vopt-2669) Unable to find library 'secureip'.
# ** Error: four_bit_adder_tb_time_impl.v(53): Module 'IBUF' is not defined.
# ** Error (suppressible): (vopt-19) Failed to access library 'simprims_ver' at "simprims_ver".
# No such file or directory. (errno = ENOENT)
# ** Error (suppressible): (vopt-19) Failed to access library 'simprims_ver' at "simprims_ver".
# No such file or directory. (errno = ENOENT)
# ** Error (suppressible): (vopt-19) Failed to access library 'simprims_ver' at "simprims_ver".
# No such file or directory. (errno = ENOENT)
# ** Warning: four_bit_adder_tb_time_impl.v(1): (vopt-2669) Unable to find library 'simprims_ver'.
# ** Error (suppressible): (vopt-19) Failed to access library 'secureip' at "secureip".
# No such file or directory. (errno = ENOENT)
# ** Error (suppressible): (vopt-19) Failed to access library 'secureip' at "secureip".
# No such file or directory. (errno = ENOENT)
# ** Error (suppressible): (vopt-19) Failed to access library 'secureip' at "secureip".
# No such file or directory. (errno = ENOENT)
# ** Warning: four_bit_adder_tb_time_impl.v(1): (vopt-2669) Unable to find library 'secureip'.
# ** Error: four_bit_adder_tb_time_impl.v(56): Module 'IBUF' is not defined.
# ** Error (suppressible): (vopt-19) Failed to access library 'simprims_ver' at "simprims_ver".
# No such file or directory. (errno = ENOENT)
# ** Error (suppressible): (vopt-19) Failed to access library 'simprims_ver' at "simprims_ver".
# No such file or directory. (errno = ENOENT)
# ** Error (suppressible): (vopt-19) Failed to access library 'simprims_ver' at "simprims_ver".
# No such file or directory. (errno = ENOENT)
# ** Warning: four_bit_adder_tb_time_impl.v(1): (vopt-2669) Unable to find library 'simprims_ver'.
# ** Error (suppressible): (vopt-19) Failed to access library 'secureip' at "secureip".
# No such file or directory. (errno = ENOENT)
# ** Error (suppressible): (vopt-19) Failed to access library 'secureip' at "secureip".
# No such file or directory. (errno = ENOENT)
# ** Error (suppressible): (vopt-19) Failed to access library 'secureip' at "secureip".
# No such file or directory. (errno = ENOENT)
# ** Warning: four_bit_adder_tb_time_impl.v(1): (vopt-2669) Unable to find library 'secureip'.
# ** Error: four_bit_adder_tb_time_impl.v(59): Module 'IBUF' is not defined.
# ** Error (suppressible): (vopt-19) Failed to access library 'simprims_ver' at "simprims_ver".
# No such file or directory. (errno = ENOENT)
# ** Error (suppressible): (vopt-19) Failed to access library 'simprims_ver' at "simprims_ver".
# No such file or directory. (errno = ENOENT)
# ** Error (suppressible): (vopt-19) Failed to access library 'simprims_ver' at "simprims_ver".
# No such file or directory. (errno = ENOENT)
# ** Warning: four_bit_adder_tb_time_impl.v(1): (vopt-2669) Unable to find library 'simprims_ver'.
# ** Error (suppressible): (vopt-19) Failed to access library 'secureip' at "secureip".
# No such file or directory. (errno = ENOENT)
# ** Error (suppressible): (vopt-19) Failed to access library 'secureip' at "secureip".
# No such file or directory. (errno = ENOENT)
# ** Error (suppressible): (vopt-19) Failed to access library 'secureip' at "secureip".
# No such file or directory. (errno = ENOENT)
# ** Warning: four_bit_adder_tb_time_impl.v(1): (vopt-2669) Unable to find library 'secureip'.
# ** Error: four_bit_adder_tb_time_impl.v(62): Module 'IBUF' is not defined.
# ** Error (suppressible): (vopt-19) Failed to access library 'simprims_ver' at "simprims_ver".
# No such file or directory. (errno = ENOENT)
# ** Error (suppressible): (vopt-19) Failed to access library 'simprims_ver' at "simprims_ver".
# No such file or directory. (errno = ENOENT)
# ** Error (suppressible): (vopt-19) Failed to access library 'simprims_ver' at "simprims_ver".
# No such file or directory. (errno = ENOENT)
# ** Warning: four_bit_adder_tb_time_impl.v(1): (vopt-2669) Unable to find library 'simprims_ver'.
# ** Error (suppressible): (vopt-19) Failed to access library 'secureip' at "secureip".
# No such file or directory. (errno = ENOENT)
# ** Error (suppressible): (vopt-19) Failed to access library 'secureip' at "secureip".
# No such file or directory. (errno = ENOENT)
# ** Error (suppressible): (vopt-19) Failed to access library 'secureip' at "secureip".
# No such file or directory. (errno = ENOENT)
# ** Warning: four_bit_adder_tb_time_impl.v(1): (vopt-2669) Unable to find library 'secureip'.
# ** Error: four_bit_adder_tb_time_impl.v(65): Module 'OBUF' is not defined.
# ** Error (suppressible): (vopt-19) Failed to access library 'simprims_ver' at "simprims_ver".
# No such file or directory. (errno = ENOENT)
# ** Error (suppressible): (vopt-19) Failed to access library 'simprims_ver' at "simprims_ver".
# No such file or directory. (errno = ENOENT)
# ** Error (suppressible): (vopt-19) Failed to access library 'simprims_ver' at "simprims_ver".
# No such file or directory. (errno = ENOENT)
# ** Warning: four_bit_adder_tb_time_impl.v(1): (vopt-2669) Unable to find library 'simprims_ver'.
# ** Error (suppressible): (vopt-19) Failed to access library 'secureip' at "secureip".
# No such file or directory. (errno = ENOENT)
# ** Error (suppressible): (vopt-19) Failed to access library 'secureip' at "secureip".
# No such file or directory. (errno = ENOENT)
# ** Error (suppressible): (vopt-19) Failed to access library 'secureip' at "secureip".
# No such file or directory. (errno = ENOENT)
# ** Warning: four_bit_adder_tb_time_impl.v(1): (vopt-2669) Unable to find library 'secureip'.
# ** Error: four_bit_adder_tb_time_impl.v(71): Module 'LUT3' is not defined.
# ** Error (suppressible): (vopt-19) Failed to access library 'simprims_ver' at "simprims_ver".
# No such file or directory. (errno = ENOENT)
# ** Error (suppressible): (vopt-19) Failed to access library 'simprims_ver' at "simprims_ver".
# No such file or directory. (errno = ENOENT)
# ** Error (suppressible): (vopt-19) Failed to access library 'simprims_ver' at "simprims_ver".
# No such file or directory. (errno = ENOENT)
# ** Warning: four_bit_adder_tb_time_impl.v(1): (vopt-2669) Unable to find library 'simprims_ver'.
# ** Error (suppressible): (vopt-19) Failed to access library 'secureip' at "secureip".
# No such file or directory. (errno = ENOENT)
# ** Error (suppressible): (vopt-19) Failed to access library 'secureip' at "secureip".
# No such file or directory. (errno = ENOENT)
# ** Error (suppressible): (vopt-19) Failed to access library 'secureip' at "secureip".
# No such file or directory. (errno = ENOENT)
# ** Warning: four_bit_adder_tb_time_impl.v(1): (vopt-2669) Unable to find library 'secureip'.
# ** Error: four_bit_adder_tb_time_impl.v(76): Module 'OBUF' is not defined.
# ** Error (suppressible): (vopt-19) Failed to access library 'simprims_ver' at "simprims_ver".
# No such file or directory. (errno = ENOENT)
# ** Error (suppressible): (vopt-19) Failed to access library 'simprims_ver' at "simprims_ver".
# No such file or directory. (errno = ENOENT)
# ** Error (suppressible): (vopt-19) Failed to access library 'simprims_ver' at "simprims_ver".
# No such file or directory. (errno = ENOENT)
# ** Warning: four_bit_adder_tb_time_impl.v(1): (vopt-2669) Unable to find library 'simprims_ver'.
# ** Error (suppressible): (vopt-19) Failed to access library 'secureip' at "secureip".
# No such file or directory. (errno = ENOENT)
# ** Error (suppressible): (vopt-19) Failed to access library 'secureip' at "secureip".
# No such file or directory. (errno = ENOENT)
# ** Error (suppressible): (vopt-19) Failed to access library 'secureip' at "secureip".
# No such file or directory. (errno = ENOENT)
# ** Warning: four_bit_adder_tb_time_impl.v(1): (vopt-2669) Unable to find library 'secureip'.
# ** Error: four_bit_adder_tb_time_impl.v(82): Module 'LUT2' is not defined.
# ** Error (suppressible): (vopt-19) Failed to access library 'simprims_ver' at "simprims_ver".
# No such file or directory. (errno = ENOENT)
# ** Error (suppressible): (vopt-19) Failed to access library 'simprims_ver' at "simprims_ver".
# No such file or directory. (errno = ENOENT)
# ** Error (suppressible): (vopt-19) Failed to access library 'simprims_ver' at "simprims_ver".
# No such file or directory. (errno = ENOENT)
# ** Warning: four_bit_adder_tb_time_impl.v(1): (vopt-2669) Unable to find library 'simprims_ver'.
# ** Error (suppressible): (vopt-19) Failed to access library 'secureip' at "secureip".
# No such file or directory. (errno = ENOENT)
# ** Error (suppressible): (vopt-19) Failed to access library 'secureip' at "secureip".
# No such file or directory. (errno = ENOENT)
# ** Error (suppressible): (vopt-19) Failed to access library 'secureip' at "secureip".
# No such file or directory. (errno = ENOENT)
# ** Warning: four_bit_adder_tb_time_impl.v(1): (vopt-2669) Unable to find library 'secureip'.
# ** Error: four_bit_adder_tb_time_impl.v(86): Module 'OBUF' is not defined.
# ** Error (suppressible): (vopt-19) Failed to access library 'simprims_ver' at "simprims_ver".
# No such file or directory. (errno = ENOENT)
# ** Error (suppressible): (vopt-19) Failed to access library 'simprims_ver' at "simprims_ver".
# No such file or directory. (errno = ENOENT)
# ** Error (suppressible): (vopt-19) Failed to access library 'simprims_ver' at "simprims_ver".
# No such file or directory. (errno = ENOENT)
# ** Warning: four_bit_adder_tb_time_impl.v(1): (vopt-2669) Unable to find library 'simprims_ver'.
# ** Error (suppressible): (vopt-19) Failed to access library 'secureip' at "secureip".
# No such file or directory. (errno = ENOENT)
# ** Error (suppressible): (vopt-19) Failed to access library 'secureip' at "secureip".
# No such file or directory. (errno = ENOENT)
# ** Error (suppressible): (vopt-19) Failed to access library 'secureip' at "secureip".
# No such file or directory. (errno = ENOENT)
# ** Warning: four_bit_adder_tb_time_impl.v(1): (vopt-2669) Unable to find library 'secureip'.
# ** Error: four_bit_adder_tb_time_impl.v(92): Module 'LUT4' is not defined.
# ** Error (suppressible): (vopt-19) Failed to access library 'simprims_ver' at "simprims_ver".
# No such file or directory. (errno = ENOENT)
# ** Error (suppressible): (vopt-19) Failed to access library 'simprims_ver' at "simprims_ver".
# No such file or directory. (errno = ENOENT)
# ** Error (suppressible): (vopt-19) Failed to access library 'simprims_ver' at "simprims_ver".
# No such file or directory. (errno = ENOENT)
# ** Warning: four_bit_adder_tb_time_impl.v(1): (vopt-2669) Unable to find library 'simprims_ver'.
# ** Error (suppressible): (vopt-19) Failed to access library 'secureip' at "secureip".
# No such file or directory. (errno = ENOENT)
# ** Error (suppressible): (vopt-19) Failed to access library 'secureip' at "secureip".
# No such file or directory. (errno = ENOENT)
# ** Error (suppressible): (vopt-19) Failed to access library 'secureip' at "secureip".
# No such file or directory. (errno = ENOENT)
# ** Warning: four_bit_adder_tb_time_impl.v(1): (vopt-2669) Unable to find library 'secureip'.
# ** Error: four_bit_adder_tb_time_impl.v(98): Module 'OBUF' is not defined.
# ** Error (suppressible): (vopt-19) Failed to access library 'simprims_ver' at "simprims_ver".
# No such file or directory. (errno = ENOENT)
# ** Error (suppressible): (vopt-19) Failed to access library 'simprims_ver' at "simprims_ver".
# No such file or directory. (errno = ENOENT)
# ** Error (suppressible): (vopt-19) Failed to access library 'simprims_ver' at "simprims_ver".
# No such file or directory. (errno = ENOENT)
# ** Warning: four_bit_adder_tb_time_impl.v(1): (vopt-2669) Unable to find library 'simprims_ver'.
# ** Error (suppressible): (vopt-19) Failed to access library 'secureip' at "secureip".
# No such file or directory. (errno = ENOENT)
# ** Error (suppressible): (vopt-19) Failed to access library 'secureip' at "secureip".
# No such file or directory. (errno = ENOENT)
# ** Error (suppressible): (vopt-19) Failed to access library 'secureip' at "secureip".
# No such file or directory. (errno = ENOENT)
# ** Warning: four_bit_adder_tb_time_impl.v(1): (vopt-2669) Unable to find library 'secureip'.
# ** Error: four_bit_adder_tb_time_impl.v(103): Module 'LUT6' is not defined.
# ** Error (suppressible): (vopt-19) Failed to access library 'simprims_ver' at "simprims_ver".
# No such file or directory. (errno = ENOENT)
# ** Error (suppressible): (vopt-19) Failed to access library 'simprims_ver' at "simprims_ver".
# No such file or directory. (errno = ENOENT)
# ** Error (suppressible): (vopt-19) Failed to access library 'simprims_ver' at "simprims_ver".
# No such file or directory. (errno = ENOENT)
# ** Warning: four_bit_adder_tb_time_impl.v(1): (vopt-2669) Unable to find library 'simprims_ver'.
# ** Error (suppressible): (vopt-19) Failed to access library 'secureip' at "secureip".
# No such file or directory. (errno = ENOENT)
# ** Error (suppressible): (vopt-19) Failed to access library 'secureip' at "secureip".
# No such file or directory. (errno = ENOENT)
# ** Error (suppressible): (vopt-19) Failed to access library 'secureip' at "secureip".
# No such file or directory. (errno = ENOENT)
# ** Warning: four_bit_adder_tb_time_impl.v(1): (vopt-2669) Unable to find library 'secureip'.
# ** Error: four_bit_adder_tb_time_impl.v(111): Module 'OBUF' is not defined.
# ** Error (suppressible): (vopt-19) Failed to access library 'simprims_ver' at "simprims_ver".
# No such file or directory. (errno = ENOENT)
# ** Error (suppressible): (vopt-19) Failed to access library 'simprims_ver' at "simprims_ver".
# No such file or directory. (errno = ENOENT)
# ** Error (suppressible): (vopt-19) Failed to access library 'simprims_ver' at "simprims_ver".
# No such file or directory. (errno = ENOENT)
# ** Warning: four_bit_adder_tb_time_impl.v(1): (vopt-2669) Unable to find library 'simprims_ver'.
# ** Error (suppressible): (vopt-19) Failed to access library 'secureip' at "secureip".
# No such file or directory. (errno = ENOENT)
# ** Error (suppressible): (vopt-19) Failed to access library 'secureip' at "secureip".
# No such file or directory. (errno = ENOENT)
# ** Error (suppressible): (vopt-19) Failed to access library 'secureip' at "secureip".
# No such file or directory. (errno = ENOENT)
# ** Warning: four_bit_adder_tb_time_impl.v(1): (vopt-2669) Unable to find library 'secureip'.
# ** Error: four_bit_adder_tb_time_impl.v(117): Module 'LUT3' is not defined.
# ** Error (suppressible): (vopt-19) Failed to access library 'simprims_ver' at "simprims_ver".
# No such file or directory. (errno = ENOENT)
# ** Error (suppressible): (vopt-19) Failed to access library 'simprims_ver' at "simprims_ver".
# No such file or directory. (errno = ENOENT)
# ** Error (suppressible): (vopt-19) Failed to access library 'simprims_ver' at "simprims_ver".
# No such file or directory. (errno = ENOENT)
# ** Warning: four_bit_adder_tb_time_impl.v(1): (vopt-2669) Unable to find library 'simprims_ver'.
# ** Error (suppressible): (vopt-19) Failed to access library 'secureip' at "secureip".
# No such file or directory. (errno = ENOENT)
# ** Error (suppressible): (vopt-19) Failed to access library 'secureip' at "secureip".
# No such file or directory. (errno = ENOENT)
# ** Error (suppressible): (vopt-19) Failed to access library 'secureip' at "secureip".
# No such file or directory. (errno = ENOENT)
# ** Warning: four_bit_adder_tb_time_impl.v(1): (vopt-2669) Unable to find library 'secureip'.
# ** Error: four_bit_adder_tb_time_impl.v(124): Module 'LUT6' is not defined.
# Optimization failed
# End time: 09:49:05 on Oct 20,2022, Elapsed time: 0:00:00
# Errors: 133, Warnings: 38
# child process exited abnormally
# Error in macro ./four_bit_adder_tb_elaborate.do line 9
# QuestaSim-64 vopt 2021.1 Compiler 2021.01 Jan 19 2021
# Start time: 09:49:05 on Oct 20,2022
# vopt "+acc=npr" -L xil_defaultlib -L simprims_ver -L secureip -work xil_defaultlib xil_defaultlib.four_bit_adder_tb xil_defaultlib.glbl -o four_bit_adder_tb_opt 
# 
# Top level modules:
# 	four_bit_adder_tb
# 	glbl
# 
# Analyzing design...
# -- Loading module four_bit_adder_tb
# -- Loading module glbl
# -- Loading module four_bit_adder
# ** Error (suppressible): (vopt-19) Failed to access library 'simprims_ver' at "simprims_ver".
# No such file or directory. (errno = ENOENT)
# ** Error (suppressible): (vopt-19) Failed to access library 'simprims_ver' at "simprims_ver".
# No such file or directory. (errno = ENOENT)
# ** Error (suppressible): (vopt-19) Failed to access library 'simprims_ver' at "simprims_ver".
# No such file or directory. (errno = ENOENT)
# ** Warning: four_bit_adder_tb_time_impl.v(1): (vopt-2669) Unable to find library 'simprims_ver'.
# ** Error (suppressible): (vopt-19) Failed to access library 'secureip' at "secureip".
# No such file or directory. (errno = ENOENT)
# ** Error (suppressible): (vopt-19) Failed to access library 'secureip' at "secureip".
# No such file or directory. (errno = ENOENT)
# ** Error (suppressible): (vopt-19) Failed to access library 'secureip' at "secureip".
# No such file or directory. (errno = ENOENT)
# ** Warning: four_bit_adder_tb_time_impl.v(1): (vopt-2669) Unable to find library 'secureip'.
# ** Error: four_bit_adder_tb_time_impl.v(41): Module 'IBUF' is not defined.
# ** Error (suppressible): (vopt-19) Failed to access library 'simprims_ver' at "simprims_ver".
# No such file or directory. (errno = ENOENT)
# ** Error (suppressible): (vopt-19) Failed to access library 'simprims_ver' at "simprims_ver".
# No such file or directory. (errno = ENOENT)
# ** Error (suppressible): (vopt-19) Failed to access library 'simprims_ver' at "simprims_ver".
# No such file or directory. (errno = ENOENT)
# ** Warning: four_bit_adder_tb_time_impl.v(1): (vopt-2669) Unable to find library 'simprims_ver'.
# ** Error (suppressible): (vopt-19) Failed to access library 'secureip' at "secureip".
# No such file or directory. (errno = ENOENT)
# ** Error (suppressible): (vopt-19) Failed to access library 'secureip' at "secureip".
# No such file or directory. (errno = ENOENT)
# ** Error (suppressible): (vopt-19) Failed to access library 'secureip' at "secureip".
# No such file or directory. (errno = ENOENT)
# ** Warning: four_bit_adder_tb_time_impl.v(1): (vopt-2669) Unable to find library 'secureip'.
# ** Error: four_bit_adder_tb_time_impl.v(44): Module 'IBUF' is not defined.
# ** Error (suppressible): (vopt-19) Failed to access library 'simprims_ver' at "simprims_ver".
# No such file or directory. (errno = ENOENT)
# ** Error (suppressible): (vopt-19) Failed to access library 'simprims_ver' at "simprims_ver".
# No such file or directory. (errno = ENOENT)
# ** Error (suppressible): (vopt-19) Failed to access library 'simprims_ver' at "simprims_ver".
# No such file or directory. (errno = ENOENT)
# ** Warning: four_bit_adder_tb_time_impl.v(1): (vopt-2669) Unable to find library 'simprims_ver'.
# ** Error (suppressible): (vopt-19) Failed to access library 'secureip' at "secureip".
# No such file or directory. (errno = ENOENT)
# ** Error (suppressible): (vopt-19) Failed to access library 'secureip' at "secureip".
# No such file or directory. (errno = ENOENT)
# ** Error (suppressible): (vopt-19) Failed to access library 'secureip' at "secureip".
# No such file or directory. (errno = ENOENT)
# ** Warning: four_bit_adder_tb_time_impl.v(1): (vopt-2669) Unable to find library 'secureip'.
# ** Error: four_bit_adder_tb_time_impl.v(47): Module 'IBUF' is not defined.
# ** Error (suppressible): (vopt-19) Failed to access library 'simprims_ver' at "simprims_ver".
# No such file or directory. (errno = ENOENT)
# ** Error (suppressible): (vopt-19) Failed to access library 'simprims_ver' at "simprims_ver".
# No such file or directory. (errno = ENOENT)
# ** Error (suppressible): (vopt-19) Failed to access library 'simprims_ver' at "simprims_ver".
# No such file or directory. (errno = ENOENT)
# ** Warning: four_bit_adder_tb_time_impl.v(1): (vopt-2669) Unable to find library 'simprims_ver'.
# ** Error (suppressible): (vopt-19) Failed to access library 'secureip' at "secureip".
# No such file or directory. (errno = ENOENT)
# ** Error (suppressible): (vopt-19) Failed to access library 'secureip' at "secureip".
# No such file or directory. (errno = ENOENT)
# ** Error (suppressible): (vopt-19) Failed to access library 'secureip' at "secureip".
# No such file or directory. (errno = ENOENT)
# ** Warning: four_bit_adder_tb_time_impl.v(1): (vopt-2669) Unable to find library 'secureip'.
# ** Error: four_bit_adder_tb_time_impl.v(50): Module 'IBUF' is not defined.
# ** Error (suppressible): (vopt-19) Failed to access library 'simprims_ver' at "simprims_ver".
# No such file or directory. (errno = ENOENT)
# ** Error (suppressible): (vopt-19) Failed to access library 'simprims_ver' at "simprims_ver".
# No such file or directory. (errno = ENOENT)
# ** Error (suppressible): (vopt-19) Failed to access library 'simprims_ver' at "simprims_ver".
# No such file or directory. (errno = ENOENT)
# ** Warning: four_bit_adder_tb_time_impl.v(1): (vopt-2669) Unable to find library 'simprims_ver'.
# ** Error (suppressible): (vopt-19) Failed to access library 'secureip' at "secureip".
# No such file or directory. (errno = ENOENT)
# ** Error (suppressible): (vopt-19) Failed to access library 'secureip' at "secureip".
# No such file or directory. (errno = ENOENT)
# ** Error (suppressible): (vopt-19) Failed to access library 'secureip' at "secureip".
# No such file or directory. (errno = ENOENT)
# ** Warning: four_bit_adder_tb_time_impl.v(1): (vopt-2669) Unable to find library 'secureip'.
# ** Error: four_bit_adder_tb_time_impl.v(53): Module 'IBUF' is not defined.
# ** Error (suppressible): (vopt-19) Failed to access library 'simprims_ver' at "simprims_ver".
# No such file or directory. (errno = ENOENT)
# ** Error (suppressible): (vopt-19) Failed to access library 'simprims_ver' at "simprims_ver".
# No such file or directory. (errno = ENOENT)
# ** Error (suppressible): (vopt-19) Failed to access library 'simprims_ver' at "simprims_ver".
# No such file or directory. (errno = ENOENT)
# ** Warning: four_bit_adder_tb_time_impl.v(1): (vopt-2669) Unable to find library 'simprims_ver'.
# ** Error (suppressible): (vopt-19) Failed to access library 'secureip' at "secureip".
# No such file or directory. (errno = ENOENT)
# ** Error (suppressible): (vopt-19) Failed to access library 'secureip' at "secureip".
# No such file or directory. (errno = ENOENT)
# ** Error (suppressible): (vopt-19) Failed to access library 'secureip' at "secureip".
# No such file or directory. (errno = ENOENT)
# ** Warning: four_bit_adder_tb_time_impl.v(1): (vopt-2669) Unable to find library 'secureip'.
# ** Error: four_bit_adder_tb_time_impl.v(56): Module 'IBUF' is not defined.
# ** Error (suppressible): (vopt-19) Failed to access library 'simprims_ver' at "simprims_ver".
# No such file or directory. (errno = ENOENT)
# ** Error (suppressible): (vopt-19) Failed to access library 'simprims_ver' at "simprims_ver".
# No such file or directory. (errno = ENOENT)
# ** Error (suppressible): (vopt-19) Failed to access library 'simprims_ver' at "simprims_ver".
# No such file or directory. (errno = ENOENT)
# ** Warning: four_bit_adder_tb_time_impl.v(1): (vopt-2669) Unable to find library 'simprims_ver'.
# ** Error (suppressible): (vopt-19) Failed to access library 'secureip' at "secureip".
# No such file or directory. (errno = ENOENT)
# ** Error (suppressible): (vopt-19) Failed to access library 'secureip' at "secureip".
# No such file or directory. (errno = ENOENT)
# ** Error (suppressible): (vopt-19) Failed to access library 'secureip' at "secureip".
# No such file or directory. (errno = ENOENT)
# ** Warning: four_bit_adder_tb_time_impl.v(1): (vopt-2669) Unable to find library 'secureip'.
# ** Error: four_bit_adder_tb_time_impl.v(59): Module 'IBUF' is not defined.
# ** Error (suppressible): (vopt-19) Failed to access library 'simprims_ver' at "simprims_ver".
# No such file or directory. (errno = ENOENT)
# ** Error (suppressible): (vopt-19) Failed to access library 'simprims_ver' at "simprims_ver".
# No such file or directory. (errno = ENOENT)
# ** Error (suppressible): (vopt-19) Failed to access library 'simprims_ver' at "simprims_ver".
# No such file or directory. (errno = ENOENT)
# ** Warning: four_bit_adder_tb_time_impl.v(1): (vopt-2669) Unable to find library 'simprims_ver'.
# ** Error (suppressible): (vopt-19) Failed to access library 'secureip' at "secureip".
# No such file or directory. (errno = ENOENT)
# ** Error (suppressible): (vopt-19) Failed to access library 'secureip' at "secureip".
# No such file or directory. (errno = ENOENT)
# ** Error (suppressible): (vopt-19) Failed to access library 'secureip' at "secureip".
# No such file or directory. (errno = ENOENT)
# ** Warning: four_bit_adder_tb_time_impl.v(1): (vopt-2669) Unable to find library 'secureip'.
# ** Error: four_bit_adder_tb_time_impl.v(62): Module 'IBUF' is not defined.
# ** Error (suppressible): (vopt-19) Failed to access library 'simprims_ver' at "simprims_ver".
# No such file or directory. (errno = ENOENT)
# ** Error (suppressible): (vopt-19) Failed to access library 'simprims_ver' at "simprims_ver".
# No such file or directory. (errno = ENOENT)
# ** Error (suppressible): (vopt-19) Failed to access library 'simprims_ver' at "simprims_ver".
# No such file or directory. (errno = ENOENT)
# ** Warning: four_bit_adder_tb_time_impl.v(1): (vopt-2669) Unable to find library 'simprims_ver'.
# ** Error (suppressible): (vopt-19) Failed to access library 'secureip' at "secureip".
# No such file or directory. (errno = ENOENT)
# ** Error (suppressible): (vopt-19) Failed to access library 'secureip' at "secureip".
# No such file or directory. (errno = ENOENT)
# ** Error (suppressible): (vopt-19) Failed to access library 'secureip' at "secureip".
# No such file or directory. (errno = ENOENT)
# ** Warning: four_bit_adder_tb_time_impl.v(1): (vopt-2669) Unable to find library 'secureip'.
# ** Error: four_bit_adder_tb_time_impl.v(65): Module 'OBUF' is not defined.
# ** Error (suppressible): (vopt-19) Failed to access library 'simprims_ver' at "simprims_ver".
# No such file or directory. (errno = ENOENT)
# ** Error (suppressible): (vopt-19) Failed to access library 'simprims_ver' at "simprims_ver".
# No such file or directory. (errno = ENOENT)
# ** Error (suppressible): (vopt-19) Failed to access library 'simprims_ver' at "simprims_ver".
# No such file or directory. (errno = ENOENT)
# ** Warning: four_bit_adder_tb_time_impl.v(1): (vopt-2669) Unable to find library 'simprims_ver'.
# ** Error (suppressible): (vopt-19) Failed to access library 'secureip' at "secureip".
# No such file or directory. (errno = ENOENT)
# ** Error (suppressible): (vopt-19) Failed to access library 'secureip' at "secureip".
# No such file or directory. (errno = ENOENT)
# ** Error (suppressible): (vopt-19) Failed to access library 'secureip' at "secureip".
# No such file or directory. (errno = ENOENT)
# ** Warning: four_bit_adder_tb_time_impl.v(1): (vopt-2669) Unable to find library 'secureip'.
# ** Error: four_bit_adder_tb_time_impl.v(71): Module 'LUT3' is not defined.
# ** Error (suppressible): (vopt-19) Failed to access library 'simprims_ver' at "simprims_ver".
# No such file or directory. (errno = ENOENT)
# ** Error (suppressible): (vopt-19) Failed to access library 'simprims_ver' at "simprims_ver".
# No such file or directory. (errno = ENOENT)
# ** Error (suppressible): (vopt-19) Failed to access library 'simprims_ver' at "simprims_ver".
# No such file or directory. (errno = ENOENT)
# ** Warning: four_bit_adder_tb_time_impl.v(1): (vopt-2669) Unable to find library 'simprims_ver'.
# ** Error (suppressible): (vopt-19) Failed to access library 'secureip' at "secureip".
# No such file or directory. (errno = ENOENT)
# ** Error (suppressible): (vopt-19) Failed to access library 'secureip' at "secureip".
# No such file or directory. (errno = ENOENT)
# ** Error (suppressible): (vopt-19) Failed to access library 'secureip' at "secureip".
# No such file or directory. (errno = ENOENT)
# ** Warning: four_bit_adder_tb_time_impl.v(1): (vopt-2669) Unable to find library 'secureip'.
# ** Error: four_bit_adder_tb_time_impl.v(76): Module 'OBUF' is not defined.
# ** Error (suppressible): (vopt-19) Failed to access library 'simprims_ver' at "simprims_ver".
# No such file or directory. (errno = ENOENT)
# ** Error (suppressible): (vopt-19) Failed to access library 'simprims_ver' at "simprims_ver".
# No such file or directory. (errno = ENOENT)
# ** Error (suppressible): (vopt-19) Failed to access library 'simprims_ver' at "simprims_ver".
# No such file or directory. (errno = ENOENT)
# ** Warning: four_bit_adder_tb_time_impl.v(1): (vopt-2669) Unable to find library 'simprims_ver'.
# ** Error (suppressible): (vopt-19) Failed to access library 'secureip' at "secureip".
# No such file or directory. (errno = ENOENT)
# ** Error (suppressible): (vopt-19) Failed to access library 'secureip' at "secureip".
# No such file or directory. (errno = ENOENT)
# ** Error (suppressible): (vopt-19) Failed to access library 'secureip' at "secureip".
# No such file or directory. (errno = ENOENT)
# ** Warning: four_bit_adder_tb_time_impl.v(1): (vopt-2669) Unable to find library 'secureip'.
# ** Error: four_bit_adder_tb_time_impl.v(82): Module 'LUT2' is not defined.
# ** Error (suppressible): (vopt-19) Failed to access library 'simprims_ver' at "simprims_ver".
# No such file or directory. (errno = ENOENT)
# ** Error (suppressible): (vopt-19) Failed to access library 'simprims_ver' at "simprims_ver".
# No such file or directory. (errno = ENOENT)
# ** Error (suppressible): (vopt-19) Failed to access library 'simprims_ver' at "simprims_ver".
# No such file or directory. (errno = ENOENT)
# ** Warning: four_bit_adder_tb_time_impl.v(1): (vopt-2669) Unable to find library 'simprims_ver'.
# ** Error (suppressible): (vopt-19) Failed to access library 'secureip' at "secureip".
# No such file or directory. (errno = ENOENT)
# ** Error (suppressible): (vopt-19) Failed to access library 'secureip' at "secureip".
# No such file or directory. (errno = ENOENT)
# ** Error (suppressible): (vopt-19) Failed to access library 'secureip' at "secureip".
# No such file or directory. (errno = ENOENT)
# ** Warning: four_bit_adder_tb_time_impl.v(1): (vopt-2669) Unable to find library 'secureip'.
# ** Error: four_bit_adder_tb_time_impl.v(86): Module 'OBUF' is not defined.
# ** Error (suppressible): (vopt-19) Failed to access library 'simprims_ver' at "simprims_ver".
# No such file or directory. (errno = ENOENT)
# ** Error (suppressible): (vopt-19) Failed to access library 'simprims_ver' at "simprims_ver".
# No such file or directory. (errno = ENOENT)
# ** Error (suppressible): (vopt-19) Failed to access library 'simprims_ver' at "simprims_ver".
# No such file or directory. (errno = ENOENT)
# ** Warning: four_bit_adder_tb_time_impl.v(1): (vopt-2669) Unable to find library 'simprims_ver'.
# ** Error (suppressible): (vopt-19) Failed to access library 'secureip' at "secureip".
# No such file or directory. (errno = ENOENT)
# ** Error (suppressible): (vopt-19) Failed to access library 'secureip' at "secureip".
# No such file or directory. (errno = ENOENT)
# ** Error (suppressible): (vopt-19) Failed to access library 'secureip' at "secureip".
# No such file or directory. (errno = ENOENT)
# ** Warning: four_bit_adder_tb_time_impl.v(1): (vopt-2669) Unable to find library 'secureip'.
# ** Error: four_bit_adder_tb_time_impl.v(92): Module 'LUT4' is not defined.
# ** Error (suppressible): (vopt-19) Failed to access library 'simprims_ver' at "simprims_ver".
# No such file or directory. (errno = ENOENT)
# ** Error (suppressible): (vopt-19) Failed to access library 'simprims_ver' at "simprims_ver".
# No such file or directory. (errno = ENOENT)
# ** Error (suppressible): (vopt-19) Failed to access library 'simprims_ver' at "simprims_ver".
# No such file or directory. (errno = ENOENT)
# ** Warning: four_bit_adder_tb_time_impl.v(1): (vopt-2669) Unable to find library 'simprims_ver'.
# ** Error (suppressible): (vopt-19) Failed to access library 'secureip' at "secureip".
# No such file or directory. (errno = ENOENT)
# ** Error (suppressible): (vopt-19) Failed to access library 'secureip' at "secureip".
# No such file or directory. (errno = ENOENT)
# ** Error (suppressible): (vopt-19) Failed to access library 'secureip' at "secureip".
# No such file or directory. (errno = ENOENT)
# ** Warning: four_bit_adder_tb_time_impl.v(1): (vopt-2669) Unable to find library 'secureip'.
# ** Error: four_bit_adder_tb_time_impl.v(98): Module 'OBUF' is not defined.
# ** Error (suppressible): (vopt-19) Failed to access library 'simprims_ver' at "simprims_ver".
# No such file or directory. (errno = ENOENT)
# ** Error (suppressible): (vopt-19) Failed to access library 'simprims_ver' at "simprims_ver".
# No such file or directory. (errno = ENOENT)
# ** Error (suppressible): (vopt-19) Failed to access library 'simprims_ver' at "simprims_ver".
# No such file or directory. (errno = ENOENT)
# ** Warning: four_bit_adder_tb_time_impl.v(1): (vopt-2669) Unable to find library 'simprims_ver'.
# ** Error (suppressible): (vopt-19) Failed to access library 'secureip' at "secureip".
# No such file or directory. (errno = ENOENT)
# ** Error (suppressible): (vopt-19) Failed to access library 'secureip' at "secureip".
# No such file or directory. (errno = ENOENT)
# ** Error (suppressible): (vopt-19) Failed to access library 'secureip' at "secureip".
# No such file or directory. (errno = ENOENT)
# ** Warning: four_bit_adder_tb_time_impl.v(1): (vopt-2669) Unable to find library 'secureip'.
# ** Error: four_bit_adder_tb_time_impl.v(103): Module 'LUT6' is not defined.
# ** Error (suppressible): (vopt-19) Failed to access library 'simprims_ver' at "simprims_ver".
# No such file or directory. (errno = ENOENT)
# ** Error (suppressible): (vopt-19) Failed to access library 'simprims_ver' at "simprims_ver".
# No such file or directory. (errno = ENOENT)
# ** Error (suppressible): (vopt-19) Failed to access library 'simprims_ver' at "simprims_ver".
# No such file or directory. (errno = ENOENT)
# ** Warning: four_bit_adder_tb_time_impl.v(1): (vopt-2669) Unable to find library 'simprims_ver'.
# ** Error (suppressible): (vopt-19) Failed to access library 'secureip' at "secureip".
# No such file or directory. (errno = ENOENT)
# ** Error (suppressible): (vopt-19) Failed to access library 'secureip' at "secureip".
# No such file or directory. (errno = ENOENT)
# ** Error (suppressible): (vopt-19) Failed to access library 'secureip' at "secureip".
# No such file or directory. (errno = ENOENT)
# ** Warning: four_bit_adder_tb_time_impl.v(1): (vopt-2669) Unable to find library 'secureip'.
# ** Error: four_bit_adder_tb_time_impl.v(111): Module 'OBUF' is not defined.
# ** Error (suppressible): (vopt-19) Failed to access library 'simprims_ver' at "simprims_ver".
# No such file or directory. (errno = ENOENT)
# ** Error (suppressible): (vopt-19) Failed to access library 'simprims_ver' at "simprims_ver".
# No such file or directory. (errno = ENOENT)
# ** Error (suppressible): (vopt-19) Failed to access library 'simprims_ver' at "simprims_ver".
# No such file or directory. (errno = ENOENT)
# ** Warning: four_bit_adder_tb_time_impl.v(1): (vopt-2669) Unable to find library 'simprims_ver'.
# ** Error (suppressible): (vopt-19) Failed to access library 'secureip' at "secureip".
# No such file or directory. (errno = ENOENT)
# ** Error (suppressible): (vopt-19) Failed to access library 'secureip' at "secureip".
# No such file or directory. (errno = ENOENT)
# ** Error (suppressible): (vopt-19) Failed to access library 'secureip' at "secureip".
# No such file or directory. (errno = ENOENT)
# ** Warning: four_bit_adder_tb_time_impl.v(1): (vopt-2669) Unable to find library 'secureip'.
# ** Error: four_bit_adder_tb_time_impl.v(117): Module 'LUT3' is not defined.
# ** Error (suppressible): (vopt-19) Failed to access library 'simprims_ver' at "simprims_ver".
# No such file or directory. (errno = ENOENT)
# ** Error (suppressible): (vopt-19) Failed to access library 'simprims_ver' at "simprims_ver".
# No such file or directory. (errno = ENOENT)
# ** Error (suppressible): (vopt-19) Failed to access library 'simprims_ver' at "simprims_ver".
# No such file or directory. (errno = ENOENT)
# ** Warning: four_bit_adder_tb_time_impl.v(1): (vopt-2669) Unable to find library 'simprims_ver'.
# ** Error (suppressible): (vopt-19) Failed to access library 'secureip' at "secureip".
# No such file or directory. (errno = ENOENT)
# ** Error (suppressible): (vopt-19) Failed to access library 'secureip' at "secureip".
# No such file or directory. (errno = ENOENT)
# ** Error (suppressible): (vopt-19) Failed to access library 'secureip' at "secureip".
# No such file or directory. (errno = ENOENT)
# ** Warning: four_bit_adder_tb_time_impl.v(1): (vopt-2669) Unable to find library 'secureip'.
# ** Error: four_bit_adder_tb_time_impl.v(124): Module 'LUT6' is not defined.
# Optimization failed
# End time: 09:49:05 on Oct 20,2022, Elapsed time: 0:00:00
# Errors: 133, Warnings: 38
# child process exited abnormally
#     while executing
# "exec <nul: {C:\questasim64_2021.1\win64\vopt.EXE} -64 +acc=npr -L xil_defaultlib -L simprims_ver -L secureip -work xil_defaultlib xil_defaultlib.four_..."
#     ("uplevel" body line 1)
#     invoked from within
# "uplevel 1 exec $redir $new [lrange $args 1 end]"
#     (procedure "::unknown" line 47)
#     invoked from within
# "C:\\questasim64_2021.1\\win64\\vopt -64 +acc=npr -L xil_defaultlib -L simprims_ver -L secureip -work xil_defaultlib xil_defaultlib.four_bit_adder_tb x..."
QuestaSim> INFO: [Common 17-41] Interrupt caught. Command should exit soon.
run_program: Time (s): cpu = 00:00:17 ; elapsed = 00:03:06 . Memory (MB): peak = 1894.094 ; gain = 0.000
INFO: [Common 17-344] 'run_program' was cancelled
INFO: [Vivado 12-5357] 'elaborate' step aborted
launch_simulation: Time (s): cpu = 00:00:19 ; elapsed = 00:03:18 . Memory (MB): peak = 1894.094 ; gain = 0.996
INFO: [Common 17-344] 'launch_simulation' was cancelled
set_property compxlib.questa_compiled_library_dir D:/Xilinx_CompLib_19_1 [current_project]
launch_simulation -install_path C:/questasim64_2021.1/win64 -mode post-implementation -type timing
INFO: [Vivado 12-5682] Launching post-implementation timing simulation in 'D:/GitHub/VTC/book_src_sch/Chapter05/HH_3005_22/Fulladder_4bit/Fulladder_4bit.sim/sim_1/impl/timing/questa'
INFO: [USF-Questa-47] Finding simulator installation...
INFO: [USF-Questa-50] Using simulator executables from 'C:/questasim64_2021.1/win64/vsim.exe'
INFO: [SIM-utils-51] Simulation object is 'sim_1'
INFO: [SIM-utils-31] Writing simulation netlist file for design 'impl_1'...
INFO: [SIM-utils-32] write_verilog -mode timesim -nolib -sdf_anno true -force -file "D:/GitHub/VTC/book_src_sch/Chapter05/HH_3005_22/Fulladder_4bit/Fulladder_4bit.sim/sim_1/impl/timing/questa/four_bit_adder_tb_time_impl.v"
INFO: [SIM-utils-34] Writing SDF file...
INFO: [SIM-utils-35] write_sdf -mode timesim -process_corner slow -force -file "D:/GitHub/VTC/book_src_sch/Chapter05/HH_3005_22/Fulladder_4bit/Fulladder_4bit.sim/sim_1/impl/timing/questa/four_bit_adder_tb_time_impl.sdf"
INFO: [SIM-utils-36] Netlist generated:D:/GitHub/VTC/book_src_sch/Chapter05/HH_3005_22/Fulladder_4bit/Fulladder_4bit.sim/sim_1/impl/timing/questa/four_bit_adder_tb_time_impl.v
INFO: [SIM-utils-37] SDF generated:D:/GitHub/VTC/book_src_sch/Chapter05/HH_3005_22/Fulladder_4bit/Fulladder_4bit.sim/sim_1/impl/timing/questa/four_bit_adder_tb_time_impl.sdf
INFO: [USF-Questa-7] Finding pre-compiled libraries...
INFO: [USF_Questa-11] File 'D:/Xilinx_CompLib_19_1/modelsim.ini' copied to run dir:'D:/GitHub/VTC/book_src_sch/Chapter05/HH_3005_22/Fulladder_4bit/Fulladder_4bit.sim/sim_1/impl/timing/questa'
INFO: [SIM-utils-54] Inspecting design source files for 'four_bit_adder_tb' in fileset 'sim_1'...
INFO: [USF-Questa-2] Questa::Compile design
INFO: [USF-Questa-15] Creating automatic 'do' files...
INFO: [USF-Questa-69] Executing 'COMPILE and ANALYZE' step in 'D:/GitHub/VTC/book_src_sch/Chapter05/HH_3005_22/Fulladder_4bit/Fulladder_4bit.sim/sim_1/impl/timing/questa'
Reading pref.tcl

# 2021.1

# do {four_bit_adder_tb_compile.do}
# ** Warning: (vlib-34) Library already exists at "questa_lib/work".
# Errors: 0, Warnings: 1
# ** Warning: (vlib-34) Library already exists at "questa_lib/msim".
# Errors: 0, Warnings: 1
# ** Warning: (vlib-34) Library already exists at "questa_lib/msim/xil_defaultlib".
# Errors: 0, Warnings: 1
# QuestaSim-64 vmap 2021.1 Lib Mapping Utility 2021.01 Jan 19 2021
# vmap xil_defaultlib questa_lib/msim/xil_defaultlib 
# Modifying modelsim.ini
# ** Warning: (vlog-159) Mode option -64 is not supported in this context and will be ignored.
# QuestaSim-64 vlog 2021.1 Compiler 2021.01 Jan 19 2021
# Start time: 09:52:40 on Oct 20,2022
# vlog -64 -incr -work xil_defaultlib four_bit_adder_tb_time_impl.v ../../../../../../four_bit_adder_tb.v 
# -- Skipping module four_bit_adder
# -- Skipping module glbl
# -- Skipping module four_bit_adder_tb
# 
# Top level modules:
# 	glbl
# 	four_bit_adder_tb
# End time: 09:52:40 on Oct 20,2022, Elapsed time: 0:00:00
# Errors: 0, Warnings: 1
run_program: Time (s): cpu = 00:00:01 ; elapsed = 00:00:11 . Memory (MB): peak = 1946.707 ; gain = 0.000
INFO: [USF-Questa-69] 'compile' step finished in '11' seconds
INFO: [USF-Questa-3] Questa::Elaborate design
INFO: [USF-Questa-69] Executing 'ELABORATE' step in 'D:/GitHub/VTC/book_src_sch/Chapter05/HH_3005_22/Fulladder_4bit/Fulladder_4bit.sim/sim_1/impl/timing/questa'
Reading pref.tcl

# 2021.1

# do {four_bit_adder_tb_elaborate.do}
# QuestaSim-64 vopt 2021.1 Compiler 2021.01 Jan 19 2021
# Start time: 09:52:52 on Oct 20,2022
# vopt "+acc=npr" -L xil_defaultlib -L simprims_ver -L secureip -work xil_defaultlib xil_defaultlib.four_bit_adder_tb xil_defaultlib.glbl -o four_bit_adder_tb_opt 
# 
# Top level modules:
# 	four_bit_adder_tb
# 	glbl
# 
# Analyzing design...
# -- Loading module four_bit_adder_tb
# -- Loading module glbl
# -- Loading module four_bit_adder
# -- Loading module simprims_ver.IBUF
# -- Loading module simprims_ver.OBUF
# -- Loading module simprims_ver.LUT3
# -- Loading UDP simprims_ver.x_lut3_mux8
# -- Loading module simprims_ver.LUT2
# -- Loading UDP simprims_ver.x_lut2_mux4
# -- Loading module simprims_ver.LUT4
# -- Loading module simprims_ver.LUT6
# 
# Waiting for 1 SDF compilation to complete...
# -- Compiling typ SDF from four_bit_adder_tb_time_impl.sdf
# Finished SDF compilation.
# 
# Optimizing 13 design-units (inlining 0/3 module instances, 0/19 cell instances, 3/3 UDP instances):
# -- Optimizing module simprims_ver.LUT6(fast)
# -- Optimizing module simprims_ver.LUT6(fast__1)
# -- Optimizing module simprims_ver.LUT4(fast)
# -- Inlining UDP simprims_ver.x_lut3_mux8
# -- Optimizing module simprims_ver.LUT3(fast__1)
# -- Optimizing module simprims_ver.LUT3(fast)
# -- Optimizing module four_bit_adder(fast)
# -- Optimizing module glbl(fast)
# -- Optimizing module simprims_ver.IBUF(fast)
# -- Inlining UDP simprims_ver.x_lut2_mux4
# -- Optimizing module simprims_ver.LUT2(fast)
# -- Optimizing module four_bit_adder_tb(fast)
# -- Optimizing module simprims_ver.OBUF(fast)
# Optimized design name is four_bit_adder_tb_opt
# End time: 09:52:53 on Oct 20,2022, Elapsed time: 0:00:01
# Errors: 0, Warnings: 0
run_program: Time (s): cpu = 00:00:00 ; elapsed = 00:00:13 . Memory (MB): peak = 1946.707 ; gain = 0.000
INFO: [USF-Questa-69] 'elaborate' step finished in '12' seconds
INFO: [USF-Questa-4] Questa::Simulate design
INFO: [USF-Questa-69] Executing 'SIMULATE' step in 'D:/GitHub/VTC/book_src_sch/Chapter05/HH_3005_22/Fulladder_4bit/Fulladder_4bit.sim/sim_1/impl/timing/questa'
Program launched (PID=4052)
launch_simulation: Time (s): cpu = 00:00:04 ; elapsed = 00:00:25 . Memory (MB): peak = 1946.707 ; gain = 26.188
set_property target_simulator XSim [current_project]
launch_simulation -mode post-implementation -type timing
INFO: [Vivado 12-5682] Launching post-implementation timing simulation in 'D:/GitHub/VTC/book_src_sch/Chapter05/HH_3005_22/Fulladder_4bit/Fulladder_4bit.sim/sim_1/impl/timing/xsim'
INFO: [SIM-utils-51] Simulation object is 'sim_1'
INFO: [SIM-utils-31] Writing simulation netlist file for design 'impl_1'...
INFO: [SIM-utils-32] write_verilog -mode timesim -nolib -sdf_anno true -force -file "D:/GitHub/VTC/book_src_sch/Chapter05/HH_3005_22/Fulladder_4bit/Fulladder_4bit.sim/sim_1/impl/timing/xsim/four_bit_adder_tb_time_impl.v"
INFO: [SIM-utils-34] Writing SDF file...
INFO: [SIM-utils-35] write_sdf -mode timesim -process_corner slow -force -file "D:/GitHub/VTC/book_src_sch/Chapter05/HH_3005_22/Fulladder_4bit/Fulladder_4bit.sim/sim_1/impl/timing/xsim/four_bit_adder_tb_time_impl.sdf"
INFO: [SIM-utils-36] Netlist generated:D:/GitHub/VTC/book_src_sch/Chapter05/HH_3005_22/Fulladder_4bit/Fulladder_4bit.sim/sim_1/impl/timing/xsim/four_bit_adder_tb_time_impl.v
INFO: [SIM-utils-37] SDF generated:D:/GitHub/VTC/book_src_sch/Chapter05/HH_3005_22/Fulladder_4bit/Fulladder_4bit.sim/sim_1/impl/timing/xsim/four_bit_adder_tb_time_impl.sdf
INFO: [SIM-utils-54] Inspecting design source files for 'four_bit_adder_tb' in fileset 'sim_1'...
INFO: [USF-XSim-2] XSim::Compile design
INFO: [USF-XSim-61] Executing 'COMPILE and ANALYZE' step in 'D:/GitHub/VTC/book_src_sch/Chapter05/HH_3005_22/Fulladder_4bit/Fulladder_4bit.sim/sim_1/impl/timing/xsim'
"xvlog --incr --relax -prj four_bit_adder_tb_vlog.prj"
INFO: [VRFC 10-2263] Analyzing Verilog file "D:/GitHub/VTC/book_src_sch/Chapter05/HH_3005_22/Fulladder_4bit/Fulladder_4bit.sim/sim_1/impl/timing/xsim/four_bit_adder_tb_time_impl.v" into library xil_defaultlib
INFO: [VRFC 10-311] analyzing module four_bit_adder
INFO: [VRFC 10-311] analyzing module glbl
INFO: [VRFC 10-2263] Analyzing Verilog file "D:/GitHub/VTC/book_src_sch/Chapter05/HH_3005_22/four_bit_adder_tb.v" into library xil_defaultlib
INFO: [VRFC 10-311] analyzing module four_bit_adder_tb
INFO: [USF-XSim-69] 'compile' step finished in '3' seconds
INFO: [USF-XSim-3] XSim::Elaborate design
INFO: [USF-XSim-61] Executing 'ELABORATE' step in 'D:/GitHub/VTC/book_src_sch/Chapter05/HH_3005_22/Fulladder_4bit/Fulladder_4bit.sim/sim_1/impl/timing/xsim'
"xelab -wto 3641640fda3b486bbca6fe85c8e0c075 --incr --debug typical --relax --mt 2 --maxdelay -L xil_defaultlib -L simprims_ver -L secureip --snapshot four_bit_adder_tb_time_impl -transport_int_delays -pulse_r 0 -pulse_int_r 0 -pulse_e 0 -pulse_int_e 0 xil_defaultlib.four_bit_adder_tb xil_defaultlib.glbl -log elaborate.log"
Vivado Simulator 2019.1
Copyright 1986-1999, 2001-2019 Xilinx, Inc. All Rights Reserved.
Running: D:/Xilinx/Vivado/2019.1/bin/unwrapped/win64.o/xelab.exe -wto 3641640fda3b486bbca6fe85c8e0c075 --incr --debug typical --relax --mt 2 --maxdelay -L xil_defaultlib -L simprims_ver -L secureip --snapshot four_bit_adder_tb_time_impl -transport_int_delays -pulse_r 0 -pulse_int_r 0 -pulse_e 0 -pulse_int_e 0 xil_defaultlib.four_bit_adder_tb xil_defaultlib.glbl -log elaborate.log 
Using 2 slave threads.
Starting static elaboration
Completed static elaboration
Starting simulation data flow analysis
Completed simulation data flow analysis
INFO: [XSIM 43-3451] SDF backannotation process started with SDF file "four_bit_adder_tb_time_impl.sdf", for root module "four_bit_adder_tb/DUT".
INFO: [XSIM 43-3452] SDF backannotation was successful for SDF file "four_bit_adder_tb_time_impl.sdf", for root module "four_bit_adder_tb/DUT".
Time Resolution for simulation is 1ps
Compiling module simprims_ver.IBUF
Compiling module simprims_ver.OBUF
Compiling module simprims_ver.x_lut3_mux8
Compiling module simprims_ver.LUT3
Compiling module simprims_ver.x_lut2_mux4
Compiling module simprims_ver.LUT2
Compiling module simprims_ver.LUT4
Compiling module simprims_ver.LUT6
Compiling module xil_defaultlib.four_bit_adder
Compiling module xil_defaultlib.four_bit_adder_tb
Compiling module xil_defaultlib.glbl
Built simulation snapshot four_bit_adder_tb_time_impl

****** Webtalk v2019.1 (64-bit)
  **** SW Build 2552052 on Fri May 24 14:49:42 MDT 2019
  **** IP Build 2548770 on Fri May 24 18:01:18 MDT 2019
    ** Copyright 1986-2019 Xilinx, Inc. All Rights Reserved.

source D:/GitHub/VTC/book_src_sch/Chapter05/HH_3005_22/Fulladder_4bit/Fulladder_4bit.sim/sim_1/impl/timing/xsim/xsim.dir/four_bit_adder_tb_time_impl/webtalk/xsim_webtalk.tcl -notrace
webtalk_transmit: Time (s): cpu = 00:00:00 ; elapsed = 00:00:11 . Memory (MB): peak = 79.734 ; gain = 13.422
INFO: [Common 17-206] Exiting Webtalk at Thu Oct 20 09:56:19 2022...
run_program: Time (s): cpu = 00:00:01 ; elapsed = 00:00:25 . Memory (MB): peak = 2005.926 ; gain = 0.000
INFO: [USF-XSim-69] 'elaborate' step finished in '25' seconds
INFO: [USF-XSim-4] XSim::Simulate design
INFO: [USF-XSim-61] Executing 'SIMULATE' step in 'D:/GitHub/VTC/book_src_sch/Chapter05/HH_3005_22/Fulladder_4bit/Fulladder_4bit.sim/sim_1/impl/timing/xsim'
INFO: [USF-XSim-98] *** Running xsim
   with args "four_bit_adder_tb_time_impl -key {Post-Implementation:sim_1:Timing:four_bit_adder_tb} -tclbatch {four_bit_adder_tb.tcl} -log {simulate.log}"
INFO: [USF-XSim-8] Loading simulator feature
Vivado Simulator 2019.1
Time resolution is 1 ps
source four_bit_adder_tb.tcl
# set curr_wave [current_wave_config]
# if { [string length $curr_wave] == 0 } {
#   if { [llength [get_objects]] > 0} {
#     add_wave /
#     set_property needs_save false [current_wave_config]
#   } else {
#      send_msg_id Add_Wave-1 WARNING "No top level signals found. Simulator will start without a wave window. If you want to open a wave window go to 'File->New Waveform Configuration' or type 'create_wave_config' in the TCL console."
#   }
# }
# run 1000ns
INFO: [USF-XSim-96] XSim completed. Design snapshot 'four_bit_adder_tb_time_impl' loaded.
INFO: [USF-XSim-97] XSim simulation ran for 1000ns
launch_simulation: Time (s): cpu = 00:00:11 ; elapsed = 00:00:33 . Memory (MB): peak = 2005.926 ; gain = 26.539
run 100 us
run 100 us
run 100 us
save_wave_config {D:/GitHub/VTC/book_src_sch/Chapter05/HH_3005_22/Fulladder_4bit/four_bit_adder_tb_time_impl.wcfg}
add_files -fileset sim_1 -norecurse D:/GitHub/VTC/book_src_sch/Chapter05/HH_3005_22/Fulladder_4bit/four_bit_adder_tb_time_impl.wcfg
set_property xsim.view D:/GitHub/VTC/book_src_sch/Chapter05/HH_3005_22/Fulladder_4bit/four_bit_adder_tb_time_impl.wcfg [get_filesets sim_1]
close_sim
INFO: [Simtcl 6-16] Simulation closed
close_sim: Time (s): cpu = 00:00:05 ; elapsed = 00:00:24 . Memory (MB): peak = 2014.996 ; gain = 6.738
exit
INFO: [Common 17-206] Exiting Vivado at Thu Oct 20 12:25:33 2022...
