Copyright 1986-2019 Xilinx, Inc. All Rights Reserved.
------------------------------------------------------------------------------------------------------
| Tool Version : Vivado v.2019.1 (win64) Build 2552052 Fri May 24 14:49:42 MDT 2019
| Date         : Tue Nov 29 11:59:42 2022
| Host         : DESKTOP-FSNETFU running 64-bit major release  (build 9200)
| Command      : report_control_sets -verbose -file Traffic_Signal_Controller_control_sets_placed.rpt
| Design       : Traffic_Signal_Controller
| Device       : xc7a35ti
------------------------------------------------------------------------------------------------------

Control Set Information

Table of Contents
-----------------
1. Summary
2. Histogram
3. Flip-Flop Distribution
4. Detailed Control Set Information

1. Summary
----------

+----------------------------------------------------------+-------+
|                          Status                          | Count |
+----------------------------------------------------------+-------+
| Total control sets                                       |     5 |
|    Minimum number of control sets                        |     5 |
|    Addition due to synthesis replication                 |     0 |
|    Addition due to physical synthesis replication        |     0 |
| Unused register locations in slices containing registers |    12 |
+----------------------------------------------------------+-------+
* Control sets can be merged at opt_design using control_set_merge or merge_equivalent_drivers
** Run report_qor_suggestions for automated merging and remapping suggestions


2. Histogram
------------

+--------------------+-------+
|       Fanout       | Count |
+--------------------+-------+
| Total control sets |     5 |
| >= 0 to < 4        |     0 |
| >= 4 to < 6        |     2 |
| >= 6 to < 8        |     2 |
| >= 8 to < 10       |     0 |
| >= 10 to < 12      |     0 |
| >= 12 to < 14      |     0 |
| >= 14 to < 16      |     1 |
| >= 16              |     0 |
+--------------------+-------+
* Control sets can be remapped at either synth_design or opt_design


3. Flip-Flop Distribution
-------------------------

+--------------+-----------------------+------------------------+-----------------+--------------+
| Clock Enable | Synchronous Set/Reset | Asynchronous Set/Reset | Total Registers | Total Slices |
+--------------+-----------------------+------------------------+-----------------+--------------+
| No           | No                    | No                     |               6 |            3 |
| No           | No                    | Yes                    |               0 |            0 |
| No           | Yes                   | No                     |              30 |           11 |
| Yes          | No                    | No                     |               0 |            0 |
| Yes          | No                    | Yes                    |               0 |            0 |
| Yes          | Yes                   | No                     |               0 |            0 |
+--------------+-----------------------+------------------------+-----------------+--------------+


4. Detailed Control Set Information
-----------------------------------

+------------------+---------------+---------------------+------------------+----------------+
|   Clock Signal   | Enable Signal |   Set/Reset Signal  | Slice Load Count | Bel Load Count |
+------------------+---------------+---------------------+------------------+----------------+
|  clock_IBUF_BUFG |               | rgb_hwy[2]_i_1_n_0  |                2 |              4 |
|  clock_IBUF_BUFG |               | counter[27]_i_1_n_0 |                1 |              5 |
|  clock_IBUF_BUFG |               |                     |                3 |              6 |
|  clock_IBUF_BUFG |               | counter[24]_i_1_n_0 |                2 |              7 |
|  clock_IBUF_BUFG |               | counter[26]_i_1_n_0 |                6 |             14 |
+------------------+---------------+---------------------+------------------+----------------+


